<?xml version="1.0" encoding="UTF-8"?>
<testng-results ignored="0" total="1" passed="1" failed="0" skipped="0">
  <reporter-output>
  </reporter-output>
  <suite started-at="2021-04-25T20:20:06 BST" name="Default suite" finished-at="2021-04-25T20:20:18 BST" duration-ms="11395">
    <groups>
    </groups>
    <test started-at="2021-04-25T20:20:06 BST" name="Default test" finished-at="2021-04-25T20:20:18 BST" duration-ms="11395">
      <class name="appium.demo.Helloappium">
        <test-method signature="openapplication()[pri:0, instance:appium.demo.Helloappium@693fe6c9]" started-at="2021-04-25T20:20:06 BST" name="openapplication" finished-at="2021-04-25T20:20:17 BST" duration-ms="11344" status="PASS">
          <reporter-output>
          </reporter-output>
        </test-method> <!-- openapplication -->
      </class> <!-- appium.demo.Helloappium -->
    </test> <!-- Default test -->
  </suite> <!-- Default suite -->
</testng-results>
